<?xml version="1.0" encoding="UTF-8"?>
<!-- Generated by org.testng.reporters.JUnitReportReporter -->
<testsuite hostname="DESKTOP-H5TQTBC" failures="0" tests="4" name="com.programs.test.DemoTestDependsUpOn" time="0.010" errors="0" timestamp="2021-11-29T21:21:45 IST" skipped="0">
  <testcase classname="com.programs.test.DemoTestDependsUpOn" name="test4" time="0.001"/>
  <system-out/>
  <testcase classname="com.programs.test.DemoTestDependsUpOn" name="test3" time="0.001"/>
  <system-out/>
  <testcase classname="com.programs.test.DemoTestDependsUpOn" name="test2" time="0.007"/>
  <system-out/>
  <testcase classname="com.programs.test.DemoTestDependsUpOn" name="test1" time="0.001"/>
  <system-out/>
</testsuite> <!-- com.programs.test.DemoTestDependsUpOn -->
