<?xml version="1.0" encoding="UTF-8"?>
<!-- Generated by org.testng.reporters.JUnitReportReporter -->
<testsuite hostname="DESKTOP-H5TQTBC" failures="0" tests="3" name="com.programs.test.EbayAdvancedSearch" time="22.311" errors="0" timestamp="2021-11-29T21:08:39 IST" skipped="0">
  <testcase classname="com.programs.test.EbayAdvancedSearch" name="EmptyAdvancedSearch" time="11.530"/>
  <system-out/>
  <testcase classname="com.programs.test.EbayAdvancedSearch" name="ebayLogoNavigationToHomePage" time="3.779"/>
  <system-out/>
  <testcase classname="com.programs.test.EbayAdvancedSearch" name="checkAscendingOrderSort" time="7.002"/>
  <system-out/>
</testsuite> <!-- com.programs.test.EbayAdvancedSearch -->
