<?xml version="1.0" encoding="UTF-8"?>
<!-- Generated by org.testng.reporters.JUnitReportReporter -->
<testsuite hostname="DESKTOP-H5TQTBC" failures="0" tests="3" name="com.programs.test.EbayAdvancedSearch" time="10.437" errors="0" timestamp="2021-11-09T19:39:57 IST" skipped="0">
  <testcase classname="com.programs.test.EbayAdvancedSearch" name="EmptyAdvancedSearch" time="7.372"/>
  <system-out/>
  <testcase classname="com.programs.test.EbayAdvancedSearch" name="ebayLogoNavigationToHomePage" time="1.866"/>
  <system-out/>
  <testcase classname="com.programs.test.EbayAdvancedSearch" name="checkAscendingOrderSort" time="1.199"/>
  <system-out/>
</testsuite> <!-- com.programs.test.EbayAdvancedSearch -->
