<?xml version="1.0" encoding="UTF-8"?>
<!-- Generated by org.testng.reporters.JUnitReportReporter -->
<testsuite hostname="DESKTOP-H5TQTBC" failures="0" tests="2" name="com.programs.test.Empty_EbaySerach" time="14.385" errors="0" timestamp="2021-10-26T14:56:05 IST" skipped="1">
  <testcase classname="com.programs.test.Empty_EbaySerach" name="EmptySearch" time="14.385"/>
  <system-out/>
  <testcase classname="com.programs.test.Empty_EbaySerach" name="EmptySearch_SoftAssert">
    <skipped/>
  </testcase> <!-- EmptySearch_SoftAssert -->
  <system-out/>
</testsuite> <!-- com.programs.test.Empty_EbaySerach -->
