<?xml version="1.0" encoding="UTF-8"?>
<!-- Generated by org.testng.reporters.JUnitReportReporter -->
<testsuite hostname="DESKTOP-H5TQTBC" failures="0" tests="2" name="com.programs.test.EbaySearch" time="28.037" errors="0" timestamp="2021-11-29T21:08:39 IST" skipped="0">
  <testcase classname="com.programs.test.EbaySearch" name="ProductSearch_SoftAssert" time="15.218"/>
  <system-out/>
  <testcase classname="com.programs.test.EbaySearch" name="EmptySearch" time="12.819"/>
  <system-out/>
</testsuite> <!-- com.programs.test.EbaySearch -->
