<?xml version="1.0" encoding="UTF-8"?>
<!-- Generated by org.testng.reporters.JUnitReportReporter -->
<testsuite hostname="DESKTOP-H5TQTBC" failures="0" tests="5" name="com.programs.test.DemoTest" time="0.010" errors="0" timestamp="2021-10-27T21:01:41 IST" skipped="0">
  <testcase classname="com.programs.test.DemoTest" name="test1" time="0.005"/>
  <system-out/>
  <testcase classname="com.programs.test.DemoTest" name="test2" time="0.001"/>
  <system-out/>
  <testcase classname="com.programs.test.DemoTest" name="test3" time="0.001"/>
  <system-out/>
  <testcase classname="com.programs.test.DemoTest" name="test4" time="0.001"/>
  <system-out/>
  <testcase classname="com.programs.test.DemoTest" name="test5" time="0.002"/>
  <system-out/>
</testsuite> <!-- com.programs.test.DemoTest -->
