<?xml version="1.0" encoding="UTF-8"?>
<!-- Generated by org.testng.reporters.JUnitReportReporter -->
<testsuite hostname="DESKTOP-H5TQTBC" failures="0" tests="2" name="com.programs.test.EbaySearch" time="15.901" errors="0" timestamp="2021-11-09T19:37:20 IST" skipped="0">
  <testcase classname="com.programs.test.EbaySearch" name="EmptySearch" time="8.285"/>
  <system-out/>
  <testcase classname="com.programs.test.EbaySearch" name="ProductSearch_SoftAssert" time="7.616"/>
  <system-out/>
</testsuite> <!-- com.programs.test.EbaySearch -->
